<?xml version='1.0' encoding='UTF-8'?>
<testsuite hostname="nuc" name="example.ListsSuite" tests="11" errors="0" failures="0" skipped="0" time="0.023">
                     <properties>
[...]
</properties>
                     <testcase classname="example.ListsSuite" name="one plus one is two" time="0.014">
                                                 
                                               </testcase><testcase classname="example.ListsSuite" name="one plus one is three?" time="0.001">
                                                 
                                               </testcase><testcase classname="example.ListsSuite" name="details why one plus one is not three" time="0.004">
                                                 
                                               </testcase><testcase classname="example.ListsSuite" name="intNotZero throws an exception if its argument is 0" time="0.001">
                                                 
                                               </testcase><testcase classname="example.ListsSuite" name="sum of a few numbers" time="0.001">
                                                 
                                               </testcase><testcase classname="example.ListsSuite" name="sum of an empty list of numbers" time="0.0">
                                                 
                                               </testcase><testcase classname="example.ListsSuite" name="sum of a list with negative numbers" time="0.0">
                                                 
                                               </testcase><testcase classname="example.ListsSuite" name="sum of a list with negative numbers and zeros" time="0.0">
                                                 
                                               </testcase><testcase classname="example.ListsSuite" name="max of a few numbers" time="0.001">
                                                 
                                               </testcase><testcase classname="example.ListsSuite" name="max of a few numbers with negative numbers" time="0.0">
                                                 
                                               </testcase><testcase classname="example.ListsSuite" name="max of a an empty list" time="0.001">
                                                 
                                               </testcase>
                     <system-out></system-out>
                     <system-err></system-err>
                   </testsuite>